<?xml version="1.0" encoding="UTF-8"?>
<!-- Generated by org.testng.reporters.JUnitReportReporter -->
<testsuite skipped="0" hostname="comp11" name="com.exam.spring.springtest.SpringtestApplicationTests" tests="1" failures="0" timestamp="15 Jun 2019 02:46:13 GMT" time="0.017" errors="0">
  <testcase name="contextLoads" time="0.017" classname="com.exam.spring.springtest.SpringtestApplicationTests"/>
</testsuite> <!-- com.exam.spring.springtest.SpringtestApplicationTests -->
